# Logfile created on 2025-11-10 13:20:02 +0000 by logger.rb/v1.4.3
2025-11-10 13:20:02 +0000: Memory Usage (443744K) : Starting running IHP-SG13G2 Klayout DRC runset on /home/slice/xschem/tb_OTA_1stage_ihp/LAYOUT_demo/OTA.gds
2025-11-10 13:20:02 +0000: Memory Usage (443744K) : Ruby Version for klayout: 3.0.2
2025-11-10 13:20:02 +0000: Memory Usage (444864K) : Loading database to memory is complete.
2025-11-10 13:20:02 +0000: Memory Usage (444864K) : IHP-SG13G2 Klayout DRC runset output at: /home/slice/xschem/tb_OTA_1stage_ihp/LAYOUT_demo/drc_run_OTA_final/OTA_OTA_final_main.lyrdb
2025-11-10 13:20:02 +0000: Memory Usage (445024K) : Evaluate switches.
2025-11-10 13:20:02 +0000: Memory Usage (445024K) : table_name selected  main
2025-11-10 13:20:02 +0000: Memory Usage (445024K) : Klayout will use 1 thread(s)
2025-11-10 13:20:02 +0000: Memory Usage (445024K) : deep mode is enabled for main table.
2025-11-10 13:20:02 +0000: Memory Usage (445024K) : FEOL enabled: true
2025-11-10 13:20:02 +0000: Memory Usage (445024K) : BEOL enabled: true
2025-11-10 13:20:02 +0000: Memory Usage (445024K) : OffGrid enabled: true
2025-11-10 13:20:02 +0000: Memory Usage (445024K) : PreCheck DRC enabled: false
2025-11-10 13:20:02 +0000: Memory Usage (445024K) : CONNECTIVITY_RULES enabled: true for table main
2025-11-10 13:20:02 +0000: Memory Usage (445024K) : Read in polygons from layers.
2025-11-10 13:20:02 +0000: Memory Usage (445984K) : activ_drw has 394 polygons
2025-11-10 13:20:02 +0000: Memory Usage (445984K) : activ_pin has 0 polygons
2025-11-10 13:20:02 +0000: Memory Usage (445984K) : activ_mask has 0 polygons
2025-11-10 13:20:02 +0000: Memory Usage (445984K) : activ_filler has 0 polygons
2025-11-10 13:20:02 +0000: Memory Usage (445984K) : activ_nofill has 0 polygons
2025-11-10 13:20:02 +0000: Memory Usage (445984K) : activ_opc has 0 polygons
2025-11-10 13:20:02 +0000: Memory Usage (445984K) : activ_iopc has 0 polygons
2025-11-10 13:20:02 +0000: Memory Usage (445984K) : activ_noqrc has 0 polygons
2025-11-10 13:20:02 +0000: Memory Usage (445984K) : biwind_drw has 0 polygons
2025-11-10 13:20:02 +0000: Memory Usage (445984K) : biwind_opc has 0 polygons
2025-11-10 13:20:02 +0000: Memory Usage (445984K) : pemwind_drw has 0 polygons
2025-11-10 13:20:02 +0000: Memory Usage (445984K) : gatpoly_drw has 661 polygons
2025-11-10 13:20:02 +0000: Memory Usage (445984K) : gatpoly_pin has 26 polygons
2025-11-10 13:20:02 +0000: Memory Usage (445984K) : gatpoly_filler has 0 polygons
2025-11-10 13:20:02 +0000: Memory Usage (445984K) : gatpoly_nofill has 0 polygons
2025-11-10 13:20:02 +0000: Memory Usage (445984K) : gatpoly_opc has 0 polygons
2025-11-10 13:20:02 +0000: Memory Usage (445984K) : gatpoly_iopc has 0 polygons
2025-11-10 13:20:02 +0000: Memory Usage (445984K) : gatpoly_noqrc has 0 polygons
2025-11-10 13:20:02 +0000: Memory Usage (445984K) : cont_drw has 5589 polygons
2025-11-10 13:20:02 +0000: Memory Usage (445984K) : cont_opc has 0 polygons
2025-11-10 13:20:02 +0000: Memory Usage (445984K) : nsd_drw has 0 polygons
2025-11-10 13:20:02 +0000: Memory Usage (445984K) : nsd_block has 0 polygons
2025-11-10 13:20:02 +0000: Memory Usage (446144K) : metal1_drw has 902 polygons
2025-11-10 13:20:02 +0000: Memory Usage (446144K) : metal1_pin has 73 polygons
2025-11-10 13:20:02 +0000: Memory Usage (446144K) : metal1_mask has 0 polygons
2025-11-10 13:20:02 +0000: Memory Usage (446144K) : metal1_filler has 0 polygons
2025-11-10 13:20:02 +0000: Memory Usage (446144K) : metal1_nofill has 0 polygons
2025-11-10 13:20:02 +0000: Memory Usage (446144K) : metal1_slit has 0 polygons
2025-11-10 13:20:02 +0000: Memory Usage (446464K) : metal1_text has 18 polygons
2025-11-10 13:20:02 +0000: Memory Usage (446464K) : metal1_opc has 0 polygons
2025-11-10 13:20:02 +0000: Memory Usage (446464K) : metal1_noqrc has 0 polygons
2025-11-10 13:20:02 +0000: Memory Usage (446464K) : metal1_res has 0 polygons
2025-11-10 13:20:02 +0000: Memory Usage (446464K) : metal1_iprobe has 0 polygons
2025-11-10 13:20:02 +0000: Memory Usage (446464K) : metal1_diffprb has 0 polygons
2025-11-10 13:20:02 +0000: Memory Usage (446464K) : passiv_drw has 0 polygons
2025-11-10 13:20:02 +0000: Memory Usage (446464K) : passiv_pin has 0 polygons
2025-11-10 13:20:02 +0000: Memory Usage (446464K) : passiv_sbump has 0 polygons
2025-11-10 13:20:02 +0000: Memory Usage (446464K) : passiv_pillar has 0 polygons
2025-11-10 13:20:02 +0000: Memory Usage (446464K) : passiv_pdl has 0 polygons
2025-11-10 13:20:02 +0000: Memory Usage (446464K) : metal2_drw has 221 polygons
2025-11-10 13:20:02 +0000: Memory Usage (446464K) : metal2_pin has 0 polygons
2025-11-10 13:20:02 +0000: Memory Usage (446464K) : metal2_mask has 0 polygons
2025-11-10 13:20:02 +0000: Memory Usage (446464K) : metal2_filler has 0 polygons
2025-11-10 13:20:02 +0000: Memory Usage (446464K) : metal2_nofill has 0 polygons
2025-11-10 13:20:02 +0000: Memory Usage (446624K) : metal2_slit has 0 polygons
2025-11-10 13:20:02 +0000: Memory Usage (446624K) : metal2_text has 0 polygons
2025-11-10 13:20:02 +0000: Memory Usage (446624K) : metal2_opc has 0 polygons
2025-11-10 13:20:02 +0000: Memory Usage (446624K) : metal2_noqrc has 0 polygons
2025-11-10 13:20:02 +0000: Memory Usage (446784K) : metal2_res has 0 polygons
2025-11-10 13:20:02 +0000: Memory Usage (446784K) : metal2_iprobe has 0 polygons
2025-11-10 13:20:02 +0000: Memory Usage (446784K) : metal2_diffprb has 0 polygons
2025-11-10 13:20:02 +0000: Memory Usage (446784K) : baspoly_drw has 0 polygons
2025-11-10 13:20:02 +0000: Memory Usage (446784K) : baspoly_pin has 0 polygons
2025-11-10 13:20:02 +0000: Memory Usage (446784K) : psd_drw has 26 polygons
2025-11-10 13:20:02 +0000: Memory Usage (446784K) : nldb_drw has 0 polygons
2025-11-10 13:20:02 +0000: Memory Usage (446784K) : digibnd_drw has 0 polygons
2025-11-10 13:20:02 +0000: Memory Usage (446944K) : via1_drw has 250 polygons
2025-11-10 13:20:02 +0000: Memory Usage (446944K) : backmetal1_drw has 0 polygons
2025-11-10 13:20:02 +0000: Memory Usage (446944K) : backmetal1_pin has 0 polygons
2025-11-10 13:20:02 +0000: Memory Usage (446944K) : backmetal1_mask has 0 polygons
2025-11-10 13:20:02 +0000: Memory Usage (447104K) : backmetal1_filler has 0 polygons
2025-11-10 13:20:02 +0000: Memory Usage (447104K) : backmetal1_nofill has 0 polygons
2025-11-10 13:20:02 +0000: Memory Usage (447104K) : backmetal1_slit has 0 polygons
2025-11-10 13:20:02 +0000: Memory Usage (447104K) : backmetal1_text has 0 polygons
2025-11-10 13:20:02 +0000: Memory Usage (447264K) : backmetal1_opc has 0 polygons
2025-11-10 13:20:02 +0000: Memory Usage (447264K) : backmetal1_noqrc has 0 polygons
2025-11-10 13:20:02 +0000: Memory Usage (447264K) : backmetal1_res has 0 polygons
2025-11-10 13:20:02 +0000: Memory Usage (447264K) : backmetal1_iprobe has 0 polygons
2025-11-10 13:20:02 +0000: Memory Usage (447424K) : backmetal1_diffprb has 0 polygons
2025-11-10 13:20:02 +0000: Memory Usage (447424K) : backpassiv_drw has 0 polygons
2025-11-10 13:20:02 +0000: Memory Usage (447424K) : res_drw has 0 polygons
2025-11-10 13:20:02 +0000: Memory Usage (447584K) : sram_drw has 0 polygons
2025-11-10 13:20:02 +0000: Memory Usage (447584K) : trans_drw has 0 polygons
2025-11-10 13:20:02 +0000: Memory Usage (447584K) : ind_drw has 0 polygons
2025-11-10 13:20:02 +0000: Memory Usage (447584K) : ind_pin has 0 polygons
2025-11-10 13:20:02 +0000: Memory Usage (447744K) : ind_text has 0 polygons
2025-11-10 13:20:02 +0000: Memory Usage (447744K) : salblock_drw has 0 polygons
2025-11-10 13:20:02 +0000: Memory Usage (447744K) : via2_drw has 90 polygons
2025-11-10 13:20:02 +0000: Memory Usage (447744K) : metal3_drw has 104 polygons
2025-11-10 13:20:02 +0000: Memory Usage (447904K) : metal3_pin has 4 polygons
2025-11-10 13:20:02 +0000: Memory Usage (447904K) : metal3_mask has 0 polygons
2025-11-10 13:20:02 +0000: Memory Usage (447904K) : metal3_filler has 0 polygons
2025-11-10 13:20:02 +0000: Memory Usage (447904K) : metal3_nofill has 0 polygons
2025-11-10 13:20:02 +0000: Memory Usage (448064K) : metal3_slit has 0 polygons
2025-11-10 13:20:02 +0000: Memory Usage (448064K) : metal3_text has 4 polygons
2025-11-10 13:20:02 +0000: Memory Usage (448064K) : metal3_opc has 0 polygons
2025-11-10 13:20:02 +0000: Memory Usage (448064K) : metal3_noqrc has 0 polygons
2025-11-10 13:20:02 +0000: Memory Usage (448224K) : metal3_res has 0 polygons
2025-11-10 13:20:02 +0000: Memory Usage (448224K) : metal3_iprobe has 0 polygons
2025-11-10 13:20:02 +0000: Memory Usage (448224K) : metal3_diffprb has 0 polygons
2025-11-10 13:20:02 +0000: Memory Usage (448224K) : nwell_drw has 26 polygons
2025-11-10 13:20:02 +0000: Memory Usage (448384K) : nwell_pin has 0 polygons
2025-11-10 13:20:02 +0000: Memory Usage (448384K) : nbulay_drw has 1 polygons
2025-11-10 13:20:02 +0000: Memory Usage (448384K) : nbulay_pin has 0 polygons
2025-11-10 13:20:02 +0000: Memory Usage (448384K) : nbulay_block has 0 polygons
2025-11-10 13:20:02 +0000: Memory Usage (448544K) : emwind_drw has 0 polygons
2025-11-10 13:20:02 +0000: Memory Usage (448544K) : emwind_opc has 0 polygons
2025-11-10 13:20:02 +0000: Memory Usage (448544K) : deepco_drw has 0 polygons
2025-11-10 13:20:02 +0000: Memory Usage (448544K) : deepco_drw has 0 polygons
2025-11-10 13:20:02 +0000: Memory Usage (448704K) : mim_drw has 0 polygons
2025-11-10 13:20:02 +0000: Memory Usage (448704K) : edgeseal_drw has 0 polygons
2025-11-10 13:20:02 +0000: Memory Usage (448704K) : edgeseal_bound has 0 polygons
2025-11-10 13:20:02 +0000: Memory Usage (448864K) : substrate_drw has 12 polygons
2025-11-10 13:20:02 +0000: Memory Usage (448864K) : substrate_text has 0 polygons
2025-11-10 13:20:02 +0000: Memory Usage (448864K) : dfpad_drw has 0 polygons
2025-11-10 13:20:02 +0000: Memory Usage (448864K) : dfpad_pillar has 0 polygons
2025-11-10 13:20:02 +0000: Memory Usage (449024K) : dfpad_sbump has 0 polygons
2025-11-10 13:20:02 +0000: Memory Usage (449024K) : thickgateox_drw has 0 polygons
2025-11-10 13:20:02 +0000: Memory Usage (449024K) : pldb_drw has 0 polygons
2025-11-10 13:20:02 +0000: Memory Usage (449024K) : pwell_drw has 0 polygons
2025-11-10 13:20:02 +0000: Memory Usage (449184K) : pwell_pin has 0 polygons
2025-11-10 13:20:02 +0000: Memory Usage (449184K) : pwell_block has 0 polygons
2025-11-10 13:20:02 +0000: Memory Usage (449184K) : ic_drw has 0 polygons
2025-11-10 13:20:02 +0000: Memory Usage (449184K) : via3_drw has 45 polygons
2025-11-10 13:20:02 +0000: Memory Usage (449344K) : metal4_drw has 34 polygons
2025-11-10 13:20:02 +0000: Memory Usage (449344K) : metal4_pin has 1 polygons
2025-11-10 13:20:02 +0000: Memory Usage (449344K) : metal4_mask has 0 polygons
2025-11-10 13:20:02 +0000: Memory Usage (449344K) : metal4_filler has 0 polygons
2025-11-10 13:20:02 +0000: Memory Usage (449504K) : metal4_nofill has 0 polygons
2025-11-10 13:20:02 +0000: Memory Usage (449504K) : metal4_slit has 0 polygons
2025-11-10 13:20:02 +0000: Memory Usage (449504K) : metal4_text has 1 polygons
2025-11-10 13:20:02 +0000: Memory Usage (449504K) : metal4_opc has 0 polygons
2025-11-10 13:20:02 +0000: Memory Usage (449664K) : metal4_noqrc has 0 polygons
2025-11-10 13:20:02 +0000: Memory Usage (449664K) : metal4_res has 0 polygons
2025-11-10 13:20:02 +0000: Memory Usage (449664K) : metal4_iprobe has 0 polygons
2025-11-10 13:20:02 +0000: Memory Usage (449664K) : metal4_diffprb has 0 polygons
2025-11-10 13:20:02 +0000: Memory Usage (449824K) : heattrans_drw has 256 polygons
2025-11-10 13:20:02 +0000: Memory Usage (449824K) : heatres_drw has 0 polygons
2025-11-10 13:20:02 +0000: Memory Usage (449824K) : pempoly_drw has 0 polygons
2025-11-10 13:20:02 +0000: Memory Usage (449984K) : fbe_drw has 0 polygons
2025-11-10 13:20:02 +0000: Memory Usage (449984K) : empoly_drw has 0 polygons
2025-11-10 13:20:02 +0000: Memory Usage (449984K) : ldmos_drw has 0 polygons
2025-11-10 13:20:02 +0000: Memory Usage (449984K) : pbiwind_drw has 0 polygons
2025-11-10 13:20:02 +0000: Memory Usage (450144K) : digisub_drw has 0 polygons
2025-11-10 13:20:02 +0000: Memory Usage (450144K) : nodrc_drw has 0 polygons
2025-11-10 13:20:02 +0000: Memory Usage (450144K) : text_drw has 47 polygons
2025-11-10 13:20:02 +0000: Memory Usage (450144K) : via4_drw has 0 polygons
2025-11-10 13:20:02 +0000: Memory Usage (450304K) : metal5_drw has 0 polygons
2025-11-10 13:20:02 +0000: Memory Usage (450304K) : metal5_pin has 0 polygons
2025-11-10 13:20:02 +0000: Memory Usage (450304K) : metal5_mask has 0 polygons
2025-11-10 13:20:02 +0000: Memory Usage (450304K) : metal5_filler has 0 polygons
2025-11-10 13:20:02 +0000: Memory Usage (450464K) : metal5_nofill has 0 polygons
2025-11-10 13:20:02 +0000: Memory Usage (450464K) : metal5_slit has 0 polygons
2025-11-10 13:20:02 +0000: Memory Usage (450464K) : metal5_text has 0 polygons
2025-11-10 13:20:02 +0000: Memory Usage (450464K) : metal5_opc has 0 polygons
2025-11-10 13:20:02 +0000: Memory Usage (450624K) : metal5_noqrc has 0 polygons
2025-11-10 13:20:02 +0000: Memory Usage (450624K) : metal5_res has 0 polygons
2025-11-10 13:20:02 +0000: Memory Usage (450624K) : metal5_iprobe has 0 polygons
2025-11-10 13:20:02 +0000: Memory Usage (450624K) : metal5_diffprb has 0 polygons
2025-11-10 13:20:02 +0000: Memory Usage (450784K) : radhard_drw has 0 polygons
2025-11-10 13:20:02 +0000: Memory Usage (450784K) : memcap_drw has 0 polygons
2025-11-10 13:20:02 +0000: Memory Usage (450784K) : varicap_drw has 0 polygons
2025-11-10 13:20:02 +0000: Memory Usage (450784K) : flash_drw has 0 polygons
2025-11-10 13:20:02 +0000: Memory Usage (450944K) : intbondvia_drw has 0 polygons
2025-11-10 13:20:02 +0000: Memory Usage (450944K) : intbondmet_drw has 0 polygons
2025-11-10 13:20:02 +0000: Memory Usage (450944K) : devbondvia_drw has 0 polygons
2025-11-10 13:20:02 +0000: Memory Usage (450944K) : devbondmet_drw has 0 polygons
2025-11-10 13:20:02 +0000: Memory Usage (451104K) : devtrench_drw has 0 polygons
2025-11-10 13:20:02 +0000: Memory Usage (451104K) : redist_drw has 0 polygons
2025-11-10 13:20:02 +0000: Memory Usage (451104K) : graphbot_drw has 0 polygons
2025-11-10 13:20:02 +0000: Memory Usage (451264K) : graphtop_drw has 0 polygons
2025-11-10 13:20:02 +0000: Memory Usage (451264K) : antvia1_drw has 0 polygons
2025-11-10 13:20:02 +0000: Memory Usage (451264K) : antmetal2_drw has 0 polygons
2025-11-10 13:20:02 +0000: Memory Usage (451264K) : graphcont_drw has 0 polygons
2025-11-10 13:20:02 +0000: Memory Usage (451424K) : siwg_drw has 0 polygons
2025-11-10 13:20:02 +0000: Memory Usage (451424K) : siwg_filler has 0 polygons
2025-11-10 13:20:02 +0000: Memory Usage (451424K) : siwg_nofill has 0 polygons
2025-11-10 13:20:02 +0000: Memory Usage (451424K) : sigrating_drw has 0 polygons
2025-11-10 13:20:02 +0000: Memory Usage (451584K) : singrating_drw has 0 polygons
2025-11-10 13:20:02 +0000: Memory Usage (451584K) : graphpas_drw has 0 polygons
2025-11-10 13:20:02 +0000: Memory Usage (451584K) : emwind3_drw has 0 polygons
2025-11-10 13:20:03 +0000: Memory Usage (451584K) : emwihv3_drw has 0 polygons
2025-11-10 13:20:03 +0000: Memory Usage (451744K) : redbulay_drw has 0 polygons
2025-11-10 13:20:03 +0000: Memory Usage (451744K) : smos_drw has 0 polygons
2025-11-10 13:20:03 +0000: Memory Usage (451744K) : graphpad_drw has 0 polygons
2025-11-10 13:20:03 +0000: Memory Usage (451744K) : polimide_drw has 0 polygons
2025-11-10 13:20:03 +0000: Memory Usage (451904K) : polimide_pin has 0 polygons
2025-11-10 13:20:03 +0000: Memory Usage (451904K) : recog_drw has 0 polygons
2025-11-10 13:20:03 +0000: Memory Usage (451904K) : recog_pin has 0 polygons
2025-11-10 13:20:03 +0000: Memory Usage (451904K) : recog_esd has 0 polygons
2025-11-10 13:20:03 +0000: Memory Usage (452064K) : recog_diode has 0 polygons
2025-11-10 13:20:03 +0000: Memory Usage (452064K) : recog_tsv has 0 polygons
2025-11-10 13:20:03 +0000: Memory Usage (452064K) : recog_iprobe has 0 polygons
2025-11-10 13:20:03 +0000: Memory Usage (452064K) : recog_diffprb has 0 polygons
2025-11-10 13:20:03 +0000: Memory Usage (452224K) : recog_pillar has 0 polygons
2025-11-10 13:20:03 +0000: Memory Usage (452224K) : recog_sbump has 0 polygons
2025-11-10 13:20:03 +0000: Memory Usage (452224K) : recog_otp has 0 polygons
2025-11-10 13:20:03 +0000: Memory Usage (452384K) : recog_pdiode has 0 polygons
2025-11-10 13:20:03 +0000: Memory Usage (452384K) : recog_mom has 0 polygons
2025-11-10 13:20:03 +0000: Memory Usage (452384K) : recog_pcm has 0 polygons
2025-11-10 13:20:03 +0000: Memory Usage (452384K) : colopen_drw has 0 polygons
2025-11-10 13:20:03 +0000: Memory Usage (452544K) : graphmetal1_drw has 0 polygons
2025-11-10 13:20:03 +0000: Memory Usage (452544K) : graphmetal1_filler has 0 polygons
2025-11-10 13:20:03 +0000: Memory Usage (452544K) : graphmetal1_nofill has 0 polygons
2025-11-10 13:20:03 +0000: Memory Usage (452544K) : graphmetal1_slit has 0 polygons
2025-11-10 13:20:03 +0000: Memory Usage (452704K) : graphmetal1_opc has 0 polygons
2025-11-10 13:20:03 +0000: Memory Usage (452704K) : graphmet1l_drw has 0 polygons
2025-11-10 13:20:03 +0000: Memory Usage (452704K) : graphmet1l_filler has 0 polygons
2025-11-10 13:20:03 +0000: Memory Usage (452704K) : graphmet1l_nofill has 0 polygons
2025-11-10 13:20:03 +0000: Memory Usage (452864K) : graphmet1l_slit has 0 polygons
2025-11-10 13:20:03 +0000: Memory Usage (452864K) : graphmet1l_opc has 0 polygons
2025-11-10 13:20:03 +0000: Memory Usage (452864K) : extblock_drw has 0 polygons
2025-11-10 13:20:03 +0000: Memory Usage (452864K) : nldd_drw has 0 polygons
2025-11-10 13:20:03 +0000: Memory Usage (453024K) : pldd_drw has 0 polygons
2025-11-10 13:20:03 +0000: Memory Usage (453024K) : next_drw has 0 polygons
2025-11-10 13:20:03 +0000: Memory Usage (453024K) : pext_drw has 0 polygons
2025-11-10 13:20:03 +0000: Memory Usage (453024K) : nexthv_drw has 0 polygons
2025-11-10 13:20:03 +0000: Memory Usage (453184K) : pexthv_drw has 0 polygons
2025-11-10 13:20:03 +0000: Memory Usage (453184K) : graphgate_drw has 0 polygons
2025-11-10 13:20:03 +0000: Memory Usage (453184K) : sinwg_drw has 0 polygons
2025-11-10 13:20:03 +0000: Memory Usage (453184K) : sinwg_filler has 0 polygons
2025-11-10 13:20:03 +0000: Memory Usage (453344K) : sinwg_nofill has 0 polygons
2025-11-10 13:20:03 +0000: Memory Usage (453344K) : mempad_drw has 0 polygons
2025-11-10 13:20:03 +0000: Memory Usage (453344K) : topvia1_drw has 0 polygons
2025-11-10 13:20:03 +0000: Memory Usage (453344K) : topmetal1_drw has 0 polygons
2025-11-10 13:20:03 +0000: Memory Usage (453504K) : topmetal1_pin has 0 polygons
2025-11-10 13:20:03 +0000: Memory Usage (453504K) : topmetal1_mask has 0 polygons
2025-11-10 13:20:03 +0000: Memory Usage (453504K) : topmetal1_filler has 0 polygons
2025-11-10 13:20:03 +0000: Memory Usage (453664K) : topmetal1_nofill has 0 polygons
2025-11-10 13:20:03 +0000: Memory Usage (453664K) : topmetal1_slit has 0 polygons
2025-11-10 13:20:03 +0000: Memory Usage (453664K) : topmetal1_text has 0 polygons
2025-11-10 13:20:03 +0000: Memory Usage (453664K) : topmetal1_noqrc has 0 polygons
2025-11-10 13:20:03 +0000: Memory Usage (453824K) : topmetal1_res has 0 polygons
2025-11-10 13:20:03 +0000: Memory Usage (453824K) : topmetal1_iprobe has 0 polygons
2025-11-10 13:20:03 +0000: Memory Usage (453824K) : topmetal1_diffprb has 0 polygons
2025-11-10 13:20:03 +0000: Memory Usage (453824K) : inldpwl_drw has 0 polygons
2025-11-10 13:20:03 +0000: Memory Usage (453984K) : polyres_drw has 0 polygons
2025-11-10 13:20:03 +0000: Memory Usage (453984K) : polyres_pin has 0 polygons
2025-11-10 13:20:03 +0000: Memory Usage (453984K) : vmim_drw has 0 polygons
2025-11-10 13:20:03 +0000: Memory Usage (453984K) : nbulaycut_drw has 0 polygons
2025-11-10 13:20:03 +0000: Memory Usage (454144K) : antmetal1_drw has 0 polygons
2025-11-10 13:20:03 +0000: Memory Usage (454144K) : topvia2_drw has 0 polygons
2025-11-10 13:20:03 +0000: Memory Usage (454144K) : topmetal2_drw has 0 polygons
2025-11-10 13:20:03 +0000: Memory Usage (454144K) : topmetal2_pin has 0 polygons
2025-11-10 13:20:03 +0000: Memory Usage (454304K) : topmetal2_mask has 0 polygons
2025-11-10 13:20:03 +0000: Memory Usage (454304K) : topmetal2_filler has 0 polygons
2025-11-10 13:20:03 +0000: Memory Usage (454304K) : topmetal2_nofill has 0 polygons
2025-11-10 13:20:03 +0000: Memory Usage (454304K) : topmetal2_slit has 0 polygons
2025-11-10 13:20:03 +0000: Memory Usage (454464K) : topmetal2_text has 0 polygons
2025-11-10 13:20:03 +0000: Memory Usage (454464K) : topmetal2_noqrc has 0 polygons
2025-11-10 13:20:03 +0000: Memory Usage (454464K) : topmetal2_res has 0 polygons
2025-11-10 13:20:03 +0000: Memory Usage (454464K) : topmetal2_iprobe has 0 polygons
2025-11-10 13:20:03 +0000: Memory Usage (454624K) : topmetal2_diffprb has 0 polygons
2025-11-10 13:20:03 +0000: Memory Usage (454624K) : snsring_drw has 0 polygons
2025-11-10 13:20:03 +0000: Memory Usage (454624K) : sensor_drw has 0 polygons
2025-11-10 13:20:03 +0000: Memory Usage (454624K) : snsarms_drw has 0 polygons
2025-11-10 13:20:03 +0000: Memory Usage (454784K) : snscmosvia_drw has 0 polygons
2025-11-10 13:20:03 +0000: Memory Usage (454784K) : colwind_drw has 0 polygons
2025-11-10 13:20:03 +0000: Memory Usage (454784K) : flm_drw has 0 polygons
2025-11-10 13:20:03 +0000: Memory Usage (454944K) : hafniumox_drw has 0 polygons
2025-11-10 13:20:03 +0000: Memory Usage (454944K) : memvia_drw has 0 polygons
2025-11-10 13:20:03 +0000: Memory Usage (454944K) : thinfilmres_drw has 0 polygons
2025-11-10 13:20:03 +0000: Memory Usage (454944K) : rfmem_drw has 0 polygons
2025-11-10 13:20:03 +0000: Memory Usage (455104K) : norcx_drw has 0 polygons
2025-11-10 13:20:03 +0000: Memory Usage (455104K) : norcx_m2m3 has 0 polygons
2025-11-10 13:20:03 +0000: Memory Usage (455104K) : norcx_m2m4 has 0 polygons
2025-11-10 13:20:03 +0000: Memory Usage (455104K) : norcx_m2m5 has 0 polygons
2025-11-10 13:20:03 +0000: Memory Usage (455264K) : norcx_m2tm1 has 0 polygons
2025-11-10 13:20:03 +0000: Memory Usage (455264K) : norcx_m2tm2 has 0 polygons
2025-11-10 13:20:03 +0000: Memory Usage (455264K) : norcx_m3m4 has 0 polygons
2025-11-10 13:20:03 +0000: Memory Usage (455264K) : norcx_m3m5 has 0 polygons
2025-11-10 13:20:03 +0000: Memory Usage (455424K) : norcx_m3tm1 has 0 polygons
2025-11-10 13:20:03 +0000: Memory Usage (455424K) : norcx_m3tm2 has 0 polygons
2025-11-10 13:20:03 +0000: Memory Usage (455424K) : norcx_m4m5 has 0 polygons
2025-11-10 13:20:03 +0000: Memory Usage (455424K) : norcx_m4tm1 has 0 polygons
2025-11-10 13:20:03 +0000: Memory Usage (455584K) : norcx_m4tm2 has 0 polygons
2025-11-10 13:20:03 +0000: Memory Usage (455584K) : norcx_m5tm1 has 0 polygons
2025-11-10 13:20:03 +0000: Memory Usage (455584K) : norcx_m5tm2 has 0 polygons
2025-11-10 13:20:03 +0000: Memory Usage (455584K) : norcx_tm1tm2 has 0 polygons
2025-11-10 13:20:03 +0000: Memory Usage (455744K) : norcx_m1sub has 0 polygons
2025-11-10 13:20:03 +0000: Memory Usage (455744K) : norcx_m2sub has 0 polygons
2025-11-10 13:20:03 +0000: Memory Usage (455744K) : norcx_m3sub has 0 polygons
2025-11-10 13:20:03 +0000: Memory Usage (455904K) : norcx_m4sub has 0 polygons
2025-11-10 13:20:03 +0000: Memory Usage (455904K) : norcx_m5sub has 0 polygons
2025-11-10 13:20:03 +0000: Memory Usage (455904K) : norcx_tm1sub has 0 polygons
2025-11-10 13:20:03 +0000: Memory Usage (455904K) : norcx_tm2sub has 0 polygons
2025-11-10 13:20:03 +0000: Memory Usage (456064K) : snsbotvia_drw has 0 polygons
2025-11-10 13:20:03 +0000: Memory Usage (456064K) : snstopvia_drw has 0 polygons
2025-11-10 13:20:03 +0000: Memory Usage (456064K) : deepvia_drw has 0 polygons
2025-11-10 13:20:03 +0000: Memory Usage (456064K) : fgetch_drw has 0 polygons
2025-11-10 13:20:03 +0000: Memory Usage (456224K) : ctrgat_drw has 0 polygons
2025-11-10 13:20:03 +0000: Memory Usage (456224K) : fgimp_drw has 0 polygons
2025-11-10 13:20:03 +0000: Memory Usage (456224K) : emwihv_drw has 0 polygons
2025-11-10 13:20:03 +0000: Memory Usage (456224K) : lbe_drw has 0 polygons
2025-11-10 13:20:03 +0000: Memory Usage (456384K) : alcustop_drw has 0 polygons
2025-11-10 13:20:03 +0000: Memory Usage (456384K) : nometfiller_drw has 0 polygons
2025-11-10 13:20:03 +0000: Memory Usage (456384K) : prboundary_drw has 0 polygons
2025-11-10 13:20:03 +0000: Memory Usage (456384K) : exchange0_drw has 0 polygons
2025-11-10 13:20:03 +0000: Memory Usage (456544K) : exchange0_pin has 0 polygons
2025-11-10 13:20:03 +0000: Memory Usage (456544K) : exchange0_text has 0 polygons
2025-11-10 13:20:03 +0000: Memory Usage (456544K) : exchange1_drw has 0 polygons
2025-11-10 13:20:03 +0000: Memory Usage (456544K) : exchange1_pin has 0 polygons
2025-11-10 13:20:03 +0000: Memory Usage (456704K) : exchange1_text has 0 polygons
2025-11-10 13:20:03 +0000: Memory Usage (456704K) : exchange2_drw has 0 polygons
2025-11-10 13:20:03 +0000: Memory Usage (456704K) : exchange2_pin has 0 polygons
2025-11-10 13:20:03 +0000: Memory Usage (456704K) : exchange2_text has 0 polygons
2025-11-10 13:20:03 +0000: Memory Usage (456864K) : exchange3_drw has 0 polygons
2025-11-10 13:20:03 +0000: Memory Usage (456864K) : exchange3_pin has 0 polygons
2025-11-10 13:20:03 +0000: Memory Usage (456864K) : exchange3_text has 0 polygons
2025-11-10 13:20:03 +0000: Memory Usage (456864K) : exchange4_drw has 0 polygons
2025-11-10 13:20:03 +0000: Memory Usage (457024K) : exchange4_pin has 0 polygons
2025-11-10 13:20:03 +0000: Memory Usage (457024K) : exchange4_text has 0 polygons
2025-11-10 13:20:03 +0000: Memory Usage (457024K) : isonwell_drw has 0 polygons
2025-11-10 13:20:03 +0000: Memory Usage (457024K) : Total no. of polygons in the design is 8785
2025-11-10 13:20:03 +0000: Memory Usage (457024K) : Loaded TECH DRC rules values from /home/slice/pdk/iHP/IHP-Open-PDK/ihp-sg13g2/libs.tech/klayout/python/sg13g2_pycell_lib/sg13g2_tech_mod.json
2025-11-10 13:20:03 +0000: Memory Usage (457024K) : Loaded default DRC rules values from /home/slice/pdk/iHP/IHP-Open-PDK/ihp-sg13g2/libs.tech/klayout/tech/drc/rule_decks/sg13g2_tech_default.json
2025-11-10 13:20:03 +0000: Memory Usage (457984K) : Total area of the design is 1203.5276 um^2.
2025-11-10 13:20:03 +0000: Memory Usage (457984K) : The design dimensions are 28.765 µm * 41.84 µm.
2025-11-10 13:20:03 +0000: Memory Usage (457984K) : Starting general IHP-SG13G2 derivations.
2025-11-10 13:20:03 +0000: Memory Usage (457984K) : Starting Pwell derivations
2025-11-10 13:20:03 +0000: Memory Usage (460384K) : Starting n-Activ derivations
2025-11-10 13:20:03 +0000: Memory Usage (461024K) : Starting p-Activ derivations
2025-11-10 13:20:03 +0000: Memory Usage (461024K) : Starting ptap derivations
2025-11-10 13:20:03 +0000: Memory Usage (461184K) : Starting ntap derivations
2025-11-10 13:20:03 +0000: Memory Usage (461184K) : Starting pact FET derivations
2025-11-10 13:20:03 +0000: Memory Usage (461344K) : Starting nact FET derivations
2025-11-10 13:20:03 +0000: Memory Usage (461344K) : Starting Gate derivations
2025-11-10 13:20:03 +0000: Memory Usage (461504K) : Starting cont/contbar general derivations
2025-11-10 13:20:03 +0000: Memory Usage (462304K) : Starting pad general derivations
2025-11-10 13:20:03 +0000: Memory Usage (462304K) : Starting IHP-SG13G2 DRC connectivity related derivations.
2025-11-10 13:20:03 +0000: Memory Usage (462784K) : Starting IHP-SG13G2 DRC connectivity setup
2025-11-10 13:20:03 +0000: Memory Usage (463424K) : Starting IHP-SG13G2 DRC rules.
2025-11-10 13:20:03 +0000: Memory Usage (463424K) : Running all FEOL rules
2025-11-10 13:20:03 +0000: Memory Usage (463424K) : Running all BEOL rules
2025-11-10 13:20:03 +0000: Memory Usage (463424K) : Starting 3.2. FORBIDDEN table
2025-11-10 13:20:03 +0000: Memory Usage (463424K) : Executing rule forbidden.biwind
2025-11-10 13:20:03 +0000: Memory Usage (463424K) : Executing rule forbidden.pemwind
2025-11-10 13:20:03 +0000: Memory Usage (463424K) : Executing rule forbidden.baspoly
2025-11-10 13:20:03 +0000: Memory Usage (463424K) : Executing rule forbidden.deepco
2025-11-10 13:20:03 +0000: Memory Usage (463424K) : Executing rule forbidden.pempoly
2025-11-10 13:20:03 +0000: Memory Usage (463584K) : Executing rule forbidden.empoly
2025-11-10 13:20:03 +0000: Memory Usage (463584K) : Executing rule forbidden.ldmos
2025-11-10 13:20:03 +0000: Memory Usage (463584K) : Executing rule forbidden.pbiwind
2025-11-10 13:20:03 +0000: Memory Usage (463584K) : Executing rule forbidden.nodrc
2025-11-10 13:20:03 +0000: Memory Usage (463744K) : Executing rule forbidden.flash
2025-11-10 13:20:03 +0000: Memory Usage (463744K) : Executing rule forbidden.colwind
2025-11-10 13:20:03 +0000: Memory Usage (463744K) : Starting 5.1 NWell table
2025-11-10 13:20:03 +0000: Memory Usage (463744K) : Executing rule NW.b
2025-11-10 13:20:03 +0000: Memory Usage (464224K) : Executing rule NW.b1
2025-11-10 13:20:03 +0000: Memory Usage (464384K) : Starting 5.2 PWell:block
2025-11-10 13:20:03 +0000: Memory Usage (464384K) : Executing rule PWB.e
2025-11-10 13:20:03 +0000: Memory Usage (464544K) : Executing rule PWB.e1
2025-11-10 13:20:03 +0000: Memory Usage (464704K) : Executing rule PWB.f
2025-11-10 13:20:03 +0000: Memory Usage (464704K) : Executing rule PWB.f1
2025-11-10 13:20:03 +0000: Memory Usage (465184K) : Starting 5.3 nBuLay table
2025-11-10 13:20:03 +0000: Memory Usage (465344K) : Executing rule NBL.b
2025-11-10 13:20:03 +0000: Memory Usage (465504K) : Executing rule NBL.c
2025-11-10 13:20:03 +0000: Memory Usage (465664K) : Executing rule NBL.d
2025-11-10 13:20:03 +0000: Memory Usage (465824K) : Executing rule NBL.e
2025-11-10 13:20:03 +0000: Memory Usage (465984K) : Executing rule NBL.f
2025-11-10 13:20:03 +0000: Memory Usage (465984K) : Starting 5.5. Activ table
2025-11-10 13:20:03 +0000: Memory Usage (465984K) : Executing rule Act.a
2025-11-10 13:20:03 +0000: Memory Usage (466144K) : Executing rule Act.b
2025-11-10 13:20:03 +0000: Memory Usage (466304K) : Starting 5.6 Activ:filler table
2025-11-10 13:20:03 +0000: Memory Usage (466624K) : Executing rule AFil.c1
2025-11-10 13:20:03 +0000: Memory Usage (466624K) : Executing rule AFil.c
2025-11-10 13:20:03 +0000: Memory Usage (466624K) : Executing rule AFil.d
2025-11-10 13:20:03 +0000: Memory Usage (466944K) : Executing rule AFil.e
2025-11-10 13:20:03 +0000: Memory Usage (466944K) : Executing rule AFil.j
2025-11-10 13:20:03 +0000: Memory Usage (467264K) : Starting 5.7. ThickGateOx table
2025-11-10 13:20:03 +0000: Memory Usage (467264K) : Executing rule TGO.f
2025-11-10 13:20:03 +0000: Memory Usage (467264K) : Starting 5.8. GatPoly table
2025-11-10 13:20:03 +0000: Memory Usage (467264K) : Executing rule Gat.a
2025-11-10 13:20:03 +0000: Memory Usage (467424K) : Executing rule Gat.b
2025-11-10 13:20:03 +0000: Memory Usage (467424K) : Executing rule Gat.d
2025-11-10 13:20:03 +0000: Memory Usage (467584K) : Executing rule Gat.a1
2025-11-10 13:20:03 +0000: Memory Usage (468384K) : Executing rule Gat.a2
2025-11-10 13:20:03 +0000: Memory Usage (468384K) : Executing rule Gat.g
2025-11-10 13:20:03 +0000: Memory Usage (468384K) : Starting 5.9 GatPoly:filler
2025-11-10 13:20:03 +0000: Memory Usage (468384K) : Executing rule GFil.d
2025-11-10 13:20:03 +0000: Memory Usage (468384K) : Executing rule GFil.e
2025-11-10 13:20:03 +0000: Memory Usage (468384K) : Executing rule GFil.i
2025-11-10 13:20:03 +0000: Memory Usage (468384K) : Starting 5.10 pSD table
2025-11-10 13:20:03 +0000: Memory Usage (468384K) : Executing rule pSD.c1
2025-11-10 13:20:03 +0000: Memory Usage (468384K) : Starting 5.14. Cont table
2025-11-10 13:20:03 +0000: Memory Usage (468384K) : Executing rule Cnt.a
2025-11-10 13:20:03 +0000: Memory Usage (468384K) : Executing rule Cnt.b
2025-11-10 13:20:03 +0000: Memory Usage (470144K) : Executing rule Cnt.c
2025-11-10 13:20:03 +0000: Memory Usage (470144K) : Executing rule Cnt.d
2025-11-10 13:20:03 +0000: Memory Usage (470144K) : Executing rule Cnt.e
2025-11-10 13:20:03 +0000: Memory Usage (470144K) : Executing rule Cnt.g1
2025-11-10 13:20:03 +0000: Memory Usage (470304K) : Executing rule Cnt.g2
2025-11-10 13:20:03 +0000: Memory Usage (470304K) : Starting 5.15. ContBar table
2025-11-10 13:20:03 +0000: Memory Usage (470304K) : Executing rule CntB.b1
2025-11-10 13:20:03 +0000: Memory Usage (470304K) : Executing rule CntB.h1
2025-11-10 13:20:03 +0000: Memory Usage (470304K) : Starting 5.16. Metal1 table
2025-11-10 13:20:03 +0000: Memory Usage (470304K) : Executing rule M1.a
2025-11-10 13:20:03 +0000: Memory Usage (470304K) : Executing rule M1.b
2025-11-10 13:20:03 +0000: Memory Usage (470304K) : Executing rule M1.e
2025-11-10 13:20:03 +0000: Memory Usage (470304K) : Executing rule M1.f
2025-11-10 13:20:03 +0000: Memory Usage (470304K) : Executing rule M1.g
2025-11-10 13:20:03 +0000: Memory Usage (470304K) : Executing rule M1.i
2025-11-10 13:20:03 +0000: Memory Usage (470304K) : Starting 5.17 Metaln table
2025-11-10 13:20:03 +0000: Memory Usage (470304K) : Executing rule M2.a
2025-11-10 13:20:03 +0000: Memory Usage (470304K) : Executing rule M2.b
2025-11-10 13:20:03 +0000: Memory Usage (470304K) : Executing rule M2.e
2025-11-10 13:20:03 +0000: Memory Usage (470304K) : Executing rule M2.f
2025-11-10 13:20:03 +0000: Memory Usage (470304K) : Executing rule M2.g
2025-11-10 13:20:03 +0000: Memory Usage (470304K) : Executing rule M2.i
2025-11-10 13:20:03 +0000: Memory Usage (470304K) : Executing rule M3.a
2025-11-10 13:20:03 +0000: Memory Usage (470304K) : Executing rule M3.b
2025-11-10 13:20:03 +0000: Memory Usage (470304K) : Executing rule M3.e
2025-11-10 13:20:03 +0000: Memory Usage (470304K) : Executing rule M3.f
2025-11-10 13:20:03 +0000: Memory Usage (470304K) : Executing rule M3.g
2025-11-10 13:20:03 +0000: Memory Usage (470304K) : Executing rule M3.i
2025-11-10 13:20:03 +0000: Memory Usage (470304K) : Executing rule M4.a
2025-11-10 13:20:03 +0000: Memory Usage (470304K) : Executing rule M4.b
2025-11-10 13:20:03 +0000: Memory Usage (470304K) : Executing rule M4.e
2025-11-10 13:20:03 +0000: Memory Usage (470304K) : Executing rule M4.f
2025-11-10 13:20:03 +0000: Memory Usage (470304K) : Executing rule M4.g
2025-11-10 13:20:03 +0000: Memory Usage (470304K) : Executing rule M4.i
2025-11-10 13:20:03 +0000: Memory Usage (470304K) : Executing rule M5.a
2025-11-10 13:20:03 +0000: Memory Usage (470304K) : Executing rule M5.b
2025-11-10 13:20:03 +0000: Memory Usage (470304K) : Executing rule M5.e
2025-11-10 13:20:03 +0000: Memory Usage (470304K) : Executing rule M5.f
2025-11-10 13:20:03 +0000: Memory Usage (470304K) : Executing rule M5.g
2025-11-10 13:20:03 +0000: Memory Usage (470304K) : Executing rule M5.i
2025-11-10 13:20:03 +0000: Memory Usage (470304K) : Starting 5.18 Metaln:filler table
2025-11-10 13:20:03 +0000: Memory Usage (470304K) : Executing rule M1Fil.c
2025-11-10 13:20:03 +0000: Memory Usage (470304K) : Executing rule M1Fil.a2
2025-11-10 13:20:03 +0000: Memory Usage (470304K) : Executing rule M2Fil.c
2025-11-10 13:20:03 +0000: Memory Usage (470304K) : Executing rule M2Fil.a2
2025-11-10 13:20:03 +0000: Memory Usage (470304K) : Executing rule M3Fil.c
2025-11-10 13:20:03 +0000: Memory Usage (470304K) : Executing rule M3Fil.a2
2025-11-10 13:20:03 +0000: Memory Usage (470304K) : Executing rule M4Fil.c
2025-11-10 13:20:03 +0000: Memory Usage (470304K) : Executing rule M4Fil.a2
2025-11-10 13:20:03 +0000: Memory Usage (470304K) : Executing rule M5Fil.c
2025-11-10 13:20:03 +0000: Memory Usage (470304K) : Executing rule M5Fil.a2
2025-11-10 13:20:03 +0000: Memory Usage (470304K) : Starting 5.19. Via1 table
2025-11-10 13:20:03 +0000: Memory Usage (470304K) : Starting 5.19. Via1 table derivations
2025-11-10 13:20:03 +0000: Memory Usage (470304K) : Executing rule V1.a
2025-11-10 13:20:03 +0000: Memory Usage (470304K) : Executing rule V1.b
2025-11-10 13:20:03 +0000: Memory Usage (470304K) : Executing rule V1.c
2025-11-10 13:20:03 +0000: Memory Usage (470304K) : Starting 5.20. Vian table
2025-11-10 13:20:03 +0000: Memory Usage (470304K) : Executing rule V2.a
2025-11-10 13:20:03 +0000: Memory Usage (470304K) : Executing rule V2.b
2025-11-10 13:20:03 +0000: Memory Usage (470304K) : Executing rule V2.c
2025-11-10 13:20:03 +0000: Memory Usage (470304K) : Executing rule V3.a
2025-11-10 13:20:03 +0000: Memory Usage (470304K) : Executing rule V3.b
2025-11-10 13:20:03 +0000: Memory Usage (470304K) : Executing rule V3.c
2025-11-10 13:20:03 +0000: Memory Usage (470304K) : Executing rule V4.a
2025-11-10 13:20:03 +0000: Memory Usage (470304K) : Executing rule V4.b
2025-11-10 13:20:03 +0000: Memory Usage (470304K) : Executing rule V4.c
2025-11-10 13:20:03 +0000: Memory Usage (470304K) : Starting 5.21. TopVia1 table
2025-11-10 13:20:03 +0000: Memory Usage (470304K) : Executing rule TV1.a
2025-11-10 13:20:03 +0000: Memory Usage (470304K) : Executing rule TV1.b
2025-11-10 13:20:03 +0000: Memory Usage (470304K) : Executing rule TV1.c
2025-11-10 13:20:03 +0000: Memory Usage (470304K) : Executing rule TV1.d
2025-11-10 13:20:03 +0000: Memory Usage (470304K) : Starting 5.22. TopMetal1 table
2025-11-10 13:20:03 +0000: Memory Usage (470304K) : Executing rule TM1.a
2025-11-10 13:20:03 +0000: Memory Usage (470304K) : Executing rule TM1.b
2025-11-10 13:20:03 +0000: Memory Usage (470304K) : Starting 5.23 TopMetal1:filler table
2025-11-10 13:20:03 +0000: Memory Usage (470304K) : Executing rule TM1Fil.c
2025-11-10 13:20:03 +0000: Memory Usage (470304K) : Executing rule TM1Fil.a1
2025-11-10 13:20:03 +0000: Memory Usage (470304K) : Starting 5.24. TopVia2 table
2025-11-10 13:20:03 +0000: Memory Usage (470304K) : Executing rule TV2.a
2025-11-10 13:20:03 +0000: Memory Usage (470304K) : Executing rule TV2.b
2025-11-10 13:20:03 +0000: Memory Usage (470304K) : Executing rule TV2.c
2025-11-10 13:20:03 +0000: Memory Usage (470304K) : Executing rule TV2.d
2025-11-10 13:20:03 +0000: Memory Usage (470304K) : Starting 5.25. TopMetal2 table
2025-11-10 13:20:03 +0000: Memory Usage (470304K) : Executing rule TM2.a
2025-11-10 13:20:03 +0000: Memory Usage (470304K) : Executing rule TM2.b
2025-11-10 13:20:03 +0000: Memory Usage (470304K) : Executing rule TM2.bR
2025-11-10 13:20:03 +0000: Memory Usage (470304K) : Starting 5.26 TopMetal2:filler table
2025-11-10 13:20:03 +0000: Memory Usage (470304K) : Executing rule TM2Fil.c
2025-11-10 13:20:03 +0000: Memory Usage (470304K) : Executing rule TM2Fil.a1
2025-11-10 13:20:03 +0000: Memory Usage (470304K) : Starting 5.27. Passiv table
2025-11-10 13:20:03 +0000: Memory Usage (470304K) : Executing rule Pas.a
2025-11-10 13:20:03 +0000: Memory Usage (470304K) : Executing rule Pas.b
2025-11-10 13:20:03 +0000: Memory Usage (470304K) : Executing rule Pas.c
2025-11-10 13:20:03 +0000: Memory Usage (470304K) : Starting 6.1.3 NPN Substrate-Tie table
2025-11-10 13:20:03 +0000: Memory Usage (470304K) : Executing rule npn13G2.bR 
2025-11-10 13:20:03 +0000: Memory Usage (470304K) : Executing rule npn13G2L.cR 
2025-11-10 13:20:03 +0000: Memory Usage (470304K) : Executing rule npn13G2V.cR 
2025-11-10 13:20:03 +0000: Memory Usage (470304K) : Starting 6.7 Schottky diode table
2025-11-10 13:20:03 +0000: Memory Usage (470304K) : Executing rule Sdiod.d
2025-11-10 13:20:03 +0000: Memory Usage (470304K) : Executing rule Sdiod.e
2025-11-10 13:20:03 +0000: Memory Usage (470304K) : Starting 6.9.1 Solder Bump
2025-11-10 13:20:03 +0000: Memory Usage (470304K) : Executing rule Padb.a
2025-11-10 13:20:03 +0000: Memory Usage (470304K) : Executing rule Padb.b
2025-11-10 13:20:03 +0000: Memory Usage (470304K) : Executing rule Padb.c
2025-11-10 13:20:03 +0000: Memory Usage (470304K) : Executing rule Padb.f
2025-11-10 13:20:03 +0000: Memory Usage (470304K) : Executing rule Padb.d
2025-11-10 13:20:03 +0000: Memory Usage (470304K) : Starting 6.9.2 Copper Pillar table
2025-11-10 13:20:03 +0000: Memory Usage (470304K) : Executing rule Padc.a
2025-11-10 13:20:03 +0000: Memory Usage (470304K) : Executing rule Padc.b
2025-11-10 13:20:03 +0000: Memory Usage (470304K) : Executing rule Padc.c
2025-11-10 13:20:03 +0000: Memory Usage (470304K) : Executing rule Padb.f
2025-11-10 13:20:03 +0000: Memory Usage (470304K) : Starting 6.9 Pad table
2025-11-10 13:20:03 +0000: Memory Usage (470304K) : Executing rule Pad.m
2025-11-10 13:20:03 +0000: Memory Usage (470304K) : Executing rule Pad.fR_M1
2025-11-10 13:20:03 +0000: Memory Usage (470304K) : Executing rule Pad.fR_M2
2025-11-10 13:20:03 +0000: Memory Usage (470304K) : Executing rule Pad.fR_M3
2025-11-10 13:20:03 +0000: Memory Usage (470304K) : Executing rule Pad.fR_M4
2025-11-10 13:20:03 +0000: Memory Usage (470304K) : Executing rule Pad.fR_M5
2025-11-10 13:20:03 +0000: Memory Usage (470304K) : Executing rule Pad.fR_TM1
2025-11-10 13:20:03 +0000: Memory Usage (470304K) : Executing rule Pad.fR_TM2
2025-11-10 13:20:03 +0000: Memory Usage (470304K) : Executing rule Pad.i
2025-11-10 13:20:03 +0000: Memory Usage (470304K) : Starting 6.10 Sealring table
2025-11-10 13:20:03 +0000: Memory Usage (470304K) : Executing rule Seal.l
2025-11-10 13:20:03 +0000: Memory Usage (470304K) : Executing rule Seal.n
2025-11-10 13:20:03 +0000: Memory Usage (470304K) : Executing rule seal.b_metal1
2025-11-10 13:20:03 +0000: Memory Usage (470304K) : Executing rule seal.b_metal2
2025-11-10 13:20:03 +0000: Memory Usage (470304K) : Executing rule seal.b_metal3
2025-11-10 13:20:03 +0000: Memory Usage (470304K) : Executing rule seal.b_metal4
2025-11-10 13:20:03 +0000: Memory Usage (470304K) : Executing rule seal.b_metal5
2025-11-10 13:20:03 +0000: Memory Usage (470304K) : Executing rule seal.b_topmetal1
2025-11-10 13:20:03 +0000: Memory Usage (470304K) : Executing rule seal.b_topmetal2
2025-11-10 13:20:03 +0000: Memory Usage (470304K) : Executing rule seal.b_activ
2025-11-10 13:20:03 +0000: Memory Usage (470304K) : Executing rule seal.b_psd
2025-11-10 13:20:03 +0000: Memory Usage (470304K) : Executing rule Seal.k
2025-11-10 13:20:03 +0000: Memory Usage (470304K) : Executing rule Seal.m
2025-11-10 13:20:03 +0000: Memory Usage (470304K) : Starting 6.11 MIM table
2025-11-10 13:20:03 +0000: Memory Usage (470304K) : Executing rule MIM.c
2025-11-10 13:20:03 +0000: Memory Usage (470304K) : Executing rule MIM.d
2025-11-10 13:20:03 +0000: Memory Usage (470304K) : Executing rule MIM.gR
2025-11-10 13:20:03 +0000: Memory Usage (470304K) : Starting 7.2 Latch-up table
2025-11-10 13:20:03 +0000: Memory Usage (470304K) : Executing rule LU.b
2025-11-10 13:20:03 +0000: Memory Usage (470304K) : Starting 7.3 Metal Slits table
2025-11-10 13:20:03 +0000: Memory Usage (470304K) : Executing rule Slt.e1_M1
2025-11-10 13:20:03 +0000: Memory Usage (470304K) : Executing rule Slt.e1_M2
2025-11-10 13:20:03 +0000: Memory Usage (470304K) : Executing rule Slt.e1_M3
2025-11-10 13:20:03 +0000: Memory Usage (470304K) : Executing rule Slt.e1_M4
2025-11-10 13:20:03 +0000: Memory Usage (470304K) : Executing rule Slt.e1_M5
2025-11-10 13:20:03 +0000: Memory Usage (470304K) : Executing rule Slt.e1_TM1
2025-11-10 13:20:03 +0000: Memory Usage (470304K) : Executing rule Slt.e1_TM2
2025-11-10 13:20:03 +0000: Memory Usage (470304K) : Starting 7.4. PIN table
2025-11-10 13:20:03 +0000: Memory Usage (470304K) : Executing rule Pin.a
2025-11-10 13:20:03 +0000: Memory Usage (470304K) : Executing rule Pin.b
2025-11-10 13:20:03 +0000: Memory Usage (470304K) : Executing rule Pin.e
2025-11-10 13:20:03 +0000: Memory Usage (470304K) : Executing rule Pin.f_M2
2025-11-10 13:20:03 +0000: Memory Usage (470304K) : Executing rule Pin.f_M3
2025-11-10 13:20:03 +0000: Memory Usage (470304K) : Executing rule Pin.f_M4
2025-11-10 13:20:03 +0000: Memory Usage (470304K) : Executing rule Pin.f_M5
2025-11-10 13:20:03 +0000: Memory Usage (470304K) : Executing rule Pin.g
2025-11-10 13:20:03 +0000: Memory Usage (470304K) : Executing rule Pin.h
2025-11-10 13:20:03 +0000: Memory Usage (470304K) : Starting 9.1. LBE table
2025-11-10 13:20:03 +0000: Memory Usage (470304K) : Executing rule LBE.a
2025-11-10 13:20:03 +0000: Memory Usage (470304K) : Executing rule LBE.b
2025-11-10 13:20:03 +0000: Memory Usage (470304K) : Executing rule LBE.b1
2025-11-10 13:20:03 +0000: Memory Usage (470304K) : Executing rule LBE.c
2025-11-10 13:20:03 +0000: Memory Usage (470304K) : Executing rule LBE.d
2025-11-10 13:20:03 +0000: Memory Usage (470304K) : Executing rule LBE.h
2025-11-10 13:20:03 +0000: Memory Usage (470304K) : KLayout DRC run for table 'main' completed in 1.14 seconds
